<?xml version="1.0" encoding="UTF-8"?>
<!-- Generated by org.testng.reporters.JUnitReportReporter -->
<testsuite skipped="0" hostname="LenovoUser-PC" name="testCases.TC_001_PBI01" tests="1" failures="0" timestamp="2020-07-16T19:24:06 IST" time="26.146" errors="0">
  <testcase name="OpenFirstResult" time="26.146" classname="testCases.TC_001_PBI01"/>
</testsuite> <!-- testCases.TC_001_PBI01 -->
