<?xml version="1.0" encoding="UTF-8"?>
<!-- Generated by org.testng.reporters.JUnitReportReporter -->
<testsuite skipped="0" hostname="LenovoUser-PC" name="testCases.TC_002_PBI02" tests="1" failures="0" timestamp="2020-07-16T19:29:10 IST" time="14.448" errors="0">
  <testcase name="FirstPriceResult" time="14.448" classname="testCases.TC_002_PBI02"/>
</testsuite> <!-- testCases.TC_002_PBI02 -->
